[INFO]	Downloading 1 songs...
[DEBUG]	[youtube:search] Extracting URL: ytsearch:The Beatles - Yesterday - Remastered 2015 audio
[DEBUG]	[download] Downloading playlist: The Beatles - Yesterday - Remastered 2015 audio
[DEBUG]	[youtube:search] query "The Beatles - Yesterday - Remastered 2015 audio": Downloading web client config
[DEBUG]	[youtube:search] query "The Beatles - Yesterday - Remastered 2015 audio" page 1: Downloading API JSON
[DEBUG]	[youtube:search] Playlist The Beatles - Yesterday - Remastered 2015 audio: Downloading 1 items of 1
[DEBUG]	[download] Downloading item [0;32m1[0m of [0;94m1[0m
[DEBUG]	[youtube] Extracting URL: https://www.youtube.com/watch?v=fCV9oqtwyVA
[DEBUG]	[youtube] fCV9oqtwyVA: Downloading webpage
[DEBUG]	[youtube] fCV9oqtwyVA: Downloading tv client config
[DEBUG]	[youtube] fCV9oqtwyVA: Downloading player b191cf34
[DEBUG]	[youtube] fCV9oqtwyVA: Downloading tv player API JSON
[DEBUG]	[youtube] fCV9oqtwyVA: Downloading ios player API JSON
[DEBUG]	[youtube] fCV9oqtwyVA: Downloading m3u8 information
[DEBUG]	[info] fCV9oqtwyVA: Downloading 1 format(s): 251
[DEBUG]	[download] Destination: C:\Users\Suporte\AppData\Roaming\Savify\temp\4E5rL7YL0hVUPqeMSpjEF2.webm
[DEBUG]	[download] [0;94m  0.0%[0m of    2.16MiB at [0;32m Unknown B/s[0m ETA [0;33mUnknown[0m
[DEBUG]	[download] [0;94m  0.1%[0m of    2.16MiB at [0;32m Unknown B/s[0m ETA [0;33mUnknown[0m
[DEBUG]	[download] [0;94m  0.3%[0m of    2.16MiB at [0;32m Unknown B/s[0m ETA [0;33mUnknown[0m
[DEBUG]	[download] [0;94m  0.7%[0m of    2.16MiB at [0;32m Unknown B/s[0m ETA [0;33mUnknown[0m
[DEBUG]	[download] [0;94m  1.4%[0m of    2.16MiB at [0;32m   1.94MiB/s[0m ETA [0;33m00:01[0m
[DEBUG]	[download] [0;94m  2.8%[0m of    2.16MiB at [0;32m   1.97MiB/s[0m ETA [0;33m00:01[0m
[DEBUG]	[download] [0;94m  5.7%[0m of    2.16MiB at [0;32m   3.97MiB/s[0m ETA [0;33m00:00[0m
[DEBUG]	[download] [0;94m 11.5%[0m of    2.16MiB at [0;32m   5.31MiB/s[0m ETA [0;33m00:00[0m
[DEBUG]	[download] [0;94m 23.1%[0m of    2.16MiB at [0;32m   7.99MiB/s[0m ETA [0;33m00:00[0m
[DEBUG]	[download] [0;94m 46.2%[0m of    2.16MiB at [0;32m  12.79MiB/s[0m ETA [0;33m00:00[0m
[DEBUG]	[download] [0;94m 92.4%[0m of    2.16MiB at [0;32m  25.59MiB/s[0m ETA [0;33m00:00[0m
[DEBUG]	[download] [0;94m100.0%[0m of    2.16MiB at [0;32m  23.08MiB/s[0m ETA [0;33m00:00[0m
[DEBUG]	[download] 100% of    2.16MiB in [1;37m00:00:00[0m at [0;32m10.65MiB/s[0m
[DEBUG]	[ExtractAudio] Destination: C:\Users\Suporte\AppData\Roaming\Savify\temp\4E5rL7YL0hVUPqeMSpjEF2.mp3
[DEBUG]	Deleting original file C:\Users\Suporte\AppData\Roaming\Savify\temp\4E5rL7YL0hVUPqeMSpjEF2.webm (pass -k to keep)
[DEBUG]	[download] Finished downloading playlist: The Beatles - Yesterday - Remastered 2015 audio
[INFO]	Downloaded -> The Beatles - Yesterday - Remastered 2015
[INFO]	Cleaning up...
[INFO]	Download Finished!
	Completed 1/1 songs in 8s

