[INFO]	Downloading 1 songs...
[DEBUG]	[youtube:search] Extracting URL: ytsearch:Slipknot - Duality audio
[DEBUG]	[download] Downloading playlist: Slipknot - Duality audio
[DEBUG]	[youtube:search] query "Slipknot - Duality audio": Downloading web client config
[DEBUG]	[youtube:search] query "Slipknot - Duality audio" page 1: Downloading API JSON
[DEBUG]	[youtube:search] Playlist Slipknot - Duality audio: Downloading 1 items of 1
[DEBUG]	[download] Downloading item [0;32m1[0m of [0;94m1[0m
[DEBUG]	[youtube] Extracting URL: https://www.youtube.com/watch?v=3GWwohI5h1w
[DEBUG]	[youtube] 3GWwohI5h1w: Downloading webpage
[DEBUG]	[youtube] 3GWwohI5h1w: Downloading tv client config
[DEBUG]	[youtube] 3GWwohI5h1w: Downloading player 7d1d50a6
[DEBUG]	[youtube] 3GWwohI5h1w: Downloading tv player API JSON
[DEBUG]	[youtube] 3GWwohI5h1w: Downloading ios player API JSON
[DEBUG]	[youtube] 3GWwohI5h1w: Downloading m3u8 information
[DEBUG]	[info] 3GWwohI5h1w: Downloading 1 format(s): 251
[DEBUG]	[download] Destination: C:\Users\Suporte\AppData\Roaming\Savify\temp\61mWefnWQOLf90gepjOCb3.webm
[DEBUG]	[download] [0;94m  0.0%[0m of    3.83MiB at [0;32m 501.29KiB/s[0m ETA [0;33m00:07[0m
[DEBUG]	[download] [0;94m  0.1%[0m of    3.83MiB at [0;32m   1.47MiB/s[0m ETA [0;33m00:02[0m
[DEBUG]	[download] [0;94m  0.2%[0m of    3.83MiB at [0;32m   2.28MiB/s[0m ETA [0;33m00:01[0m
[DEBUG]	[download] [0;94m  0.4%[0m of    3.83MiB at [0;32m   4.90MiB/s[0m ETA [0;33m00:00[0m
[DEBUG]	[download] [0;94m  0.8%[0m of    3.83MiB at [0;32m   2.76MiB/s[0m ETA [0;33m00:01[0m
[DEBUG]	[download] [0;94m  1.6%[0m of    3.83MiB at [0;32m   3.25MiB/s[0m ETA [0;33m00:01[0m
[DEBUG]	[download] [0;94m  3.2%[0m of    3.83MiB at [0;32m   4.29MiB/s[0m ETA [0;33m00:00[0m
[DEBUG]	[download] [0;94m  6.5%[0m of    3.83MiB at [0;32m   6.24MiB/s[0m ETA [0;33m00:00[0m
[DEBUG]	[download] [0;94m 13.0%[0m of    3.83MiB at [0;32m   9.81MiB/s[0m ETA [0;33m00:00[0m
[DEBUG]	[download] [0;94m 26.1%[0m of    3.83MiB at [0;32m  15.90MiB/s[0m ETA [0;33m00:00[0m
[DEBUG]	[download] [0;94m 52.1%[0m of    3.83MiB at [0;32m  26.37MiB/s[0m ETA [0;33m00:00[0m
[DEBUG]	[download] [0;94m100.0%[0m of    3.83MiB at [0;32m  17.40MiB/s[0m ETA [0;33m00:00[0m
[DEBUG]	[download] 100% of    3.83MiB in [1;37m00:00:00[0m at [0;32m7.99MiB/s[0m
[DEBUG]	[ExtractAudio] Destination: C:\Users\Suporte\AppData\Roaming\Savify\temp\61mWefnWQOLf90gepjOCb3.mp3
[DEBUG]	Deleting original file C:\Users\Suporte\AppData\Roaming\Savify\temp\61mWefnWQOLf90gepjOCb3.webm (pass -k to keep)
[DEBUG]	[download] Finished downloading playlist: Slipknot - Duality audio
[INFO]	Downloaded -> Slipknot - Duality
[INFO]	Cleaning up...
[INFO]	Download Finished!
	Completed 1/1 songs in 12s

[INFO]	Downloading 1 songs...
[INFO]	Slipknot - Duality -> is already downloaded. Skipping...
[INFO]	Cleaning up...
[INFO]	Download Finished!
	Completed 1/1 songs in 0s

