[INFO]	Downloading 1 songs...
[DEBUG]	[youtube:search] Extracting URL: ytsearch:2Pac - All Eyez On Me (ft. Big Syke) audio
[DEBUG]	[download] Downloading playlist: 2Pac - All Eyez On Me (ft. Big Syke) audio
[DEBUG]	[youtube:search] query "2Pac - All Eyez On Me (ft. Big Syke) audio": Downloading web client config
[DEBUG]	[youtube:search] query "2Pac - All Eyez On Me (ft. Big Syke) audio" page 1: Downloading API JSON
[DEBUG]	[youtube:search] Playlist 2Pac - All Eyez On Me (ft. Big Syke) audio: Downloading 1 items of 1
[DEBUG]	[download] Downloading item [0;32m1[0m of [0;94m1[0m
[DEBUG]	[youtube] Extracting URL: https://www.youtube.com/watch?v=AYpexVbno0I
[DEBUG]	[youtube] AYpexVbno0I: Downloading webpage
[DEBUG]	[youtube] AYpexVbno0I: Downloading tv client config
[DEBUG]	[youtube] AYpexVbno0I: Downloading player 91201489
[DEBUG]	[youtube] AYpexVbno0I: Downloading tv player API JSON
[DEBUG]	[youtube] AYpexVbno0I: Downloading ios player API JSON
[DEBUG]	[youtube] AYpexVbno0I: Downloading MPD manifest
[DEBUG]	[youtube] AYpexVbno0I: Downloading m3u8 information
[DEBUG]	[youtube] AYpexVbno0I: Downloading MPD manifest
[DEBUG]	[info] AYpexVbno0I: Downloading 1 format(s): 251
[DEBUG]	[download] Destination: C:\Users\Suporte\AppData\Roaming\Savify\temp\4VQNCzfZ3MdHEwwErNXpBo.webm
[DEBUG]	[download] [0;94m  0.0%[0m of    4.90MiB at [0;32m  64.01KiB/s[0m ETA [0;33m01:18[0m
[DEBUG]	[download] [0;94m  0.1%[0m of    4.90MiB at [0;32m 192.04KiB/s[0m ETA [0;33m00:26[0m
[DEBUG]	[download] [0;94m  0.1%[0m of    4.90MiB at [0;32m 448.10KiB/s[0m ETA [0;33m00:11[0m
[DEBUG]	[download] [0;94m  0.3%[0m of    4.90MiB at [0;32m 960.22KiB/s[0m ETA [0;33m00:05[0m
[DEBUG]	[download] [0;94m  0.6%[0m of    4.90MiB at [0;32m 496.12KiB/s[0m ETA [0;33m00:10[0m
[DEBUG]	[download] [0;94m  1.3%[0m of    4.90MiB at [0;32m 576.13KiB/s[0m ETA [0;33m00:08[0m
[DEBUG]	[download] [0;94m  2.5%[0m of    4.90MiB at [0;32m 734.78KiB/s[0m ETA [0;33m00:06[0m
[DEBUG]	[download] [0;94m  5.1%[0m of    4.90MiB at [0;32m   1.14MiB/s[0m ETA [0;33m00:04[0m
[DEBUG]	[download] [0;94m 10.2%[0m of    4.90MiB at [0;32m   1.77MiB/s[0m ETA [0;33m00:02[0m
[DEBUG]	[download] [0;94m 20.4%[0m of    4.90MiB at [0;32m   2.90MiB/s[0m ETA [0;33m00:01[0m
[DEBUG]	[download] [0;94m 40.8%[0m of    4.90MiB at [0;32m   4.74MiB/s[0m ETA [0;33m00:00[0m
[DEBUG]	[download] [0;94m 81.7%[0m of    4.90MiB at [0;32m   2.91MiB/s[0m ETA [0;33m00:00[0m
[DEBUG]	[download] [0;94m100.0%[0m of    4.90MiB at [0;32m   3.52MiB/s[0m ETA [0;33m00:00[0m
[DEBUG]	[download] 100% of    4.90MiB in [1;37m00:00:03[0m at [0;32m1.53MiB/s[0m
[DEBUG]	[ExtractAudio] Destination: C:\Users\Suporte\AppData\Roaming\Savify\temp\4VQNCzfZ3MdHEwwErNXpBo.mp3
[DEBUG]	Deleting original file C:\Users\Suporte\AppData\Roaming\Savify\temp\4VQNCzfZ3MdHEwwErNXpBo.webm (pass -k to keep)
[DEBUG]	[download] Finished downloading playlist: 2Pac - All Eyez On Me (ft. Big Syke) audio
[INFO]	Downloaded -> 2Pac - All Eyez On Me (ft. Big Syke)
[INFO]	Cleaning up...
[INFO]	Download Finished!
	Completed 1/1 songs in 15s

