[INFO]	Downloading 1 songs...
[DEBUG]	[youtube:search] Extracting URL: ytsearch:Adriana - I Love You Baby audio
[DEBUG]	[download] Downloading playlist: Adriana - I Love You Baby audio
[DEBUG]	[youtube:search] query "Adriana - I Love You Baby audio": Downloading web client config
[DEBUG]	[youtube:search] query "Adriana - I Love You Baby audio" page 1: Downloading API JSON
[DEBUG]	[youtube:search] Playlist Adriana - I Love You Baby audio: Downloading 1 items of 1
[DEBUG]	[download] Downloading item [0;32m1[0m of [0;94m1[0m
[DEBUG]	[youtube] Extracting URL: https://www.youtube.com/watch?v=tJo9VcFJxpY
[DEBUG]	[youtube] tJo9VcFJxpY: Downloading webpage
[DEBUG]	[youtube] tJo9VcFJxpY: Downloading tv client config
[DEBUG]	[youtube] tJo9VcFJxpY: Downloading player b191cf34
[DEBUG]	[youtube] tJo9VcFJxpY: Downloading tv player API JSON
[DEBUG]	[youtube] tJo9VcFJxpY: Downloading ios player API JSON
[DEBUG]	[youtube] tJo9VcFJxpY: Downloading m3u8 information
[DEBUG]	[info] tJo9VcFJxpY: Downloading 1 format(s): 251
[DEBUG]	[download] Destination: C:\Users\Suporte\AppData\Roaming\Savify\temp\37cHBmoax8umQcNr8NALtZ.webm
[DEBUG]	[download] [0;94m  0.0%[0m of    4.39MiB at [0;32m  64.01KiB/s[0m ETA [0;33m01:10[0m
[DEBUG]	[download] [0;94m  0.1%[0m of    4.39MiB at [0;32m 192.04KiB/s[0m ETA [0;33m00:23[0m
[DEBUG]	[download] [0;94m  0.2%[0m of    4.39MiB at [0;32m 448.10KiB/s[0m ETA [0;33m00:10[0m
[DEBUG]	[download] [0;94m  0.3%[0m of    4.39MiB at [0;32m 960.21KiB/s[0m ETA [0;33m00:04[0m
[DEBUG]	[download] [0;94m  0.7%[0m of    4.39MiB at [0;32m   1.94MiB/s[0m ETA [0;33m00:02[0m
[DEBUG]	[download] [0;94m  1.4%[0m of    4.39MiB at [0;32m   1.97MiB/s[0m ETA [0;33m00:02[0m
[DEBUG]	[download] [0;94m  2.8%[0m of    4.39MiB at [0;32m   3.97MiB/s[0m ETA [0;33m00:01[0m
[DEBUG]	[download] [0;94m  5.7%[0m of    4.39MiB at [0;32m   5.31MiB/s[0m ETA [0;33m00:00[0m
[DEBUG]	[download] [0;94m 11.4%[0m of    4.39MiB at [0;32m   7.99MiB/s[0m ETA [0;33m00:00[0m
[DEBUG]	[download] [0;94m 22.7%[0m of    4.39MiB at [0;32m  15.99MiB/s[0m ETA [0;33m00:00[0m
[DEBUG]	[download] [0;94m 45.5%[0m of    4.39MiB at [0;32m  25.59MiB/s[0m ETA [0;33m00:00[0m
[DEBUG]	[download] [0;94m 91.0%[0m of    4.39MiB at [0;32m  36.57MiB/s[0m ETA [0;33m00:00[0m
[DEBUG]	[download] [0;94m100.0%[0m of    4.39MiB at [0;32m  25.57MiB/s[0m ETA [0;33m00:00[0m
[DEBUG]	[download] 100% of    4.39MiB in [1;37m00:00:00[0m at [0;32m21.63MiB/s[0m
[DEBUG]	[ExtractAudio] Destination: C:\Users\Suporte\AppData\Roaming\Savify\temp\37cHBmoax8umQcNr8NALtZ.mp3
[DEBUG]	Deleting original file C:\Users\Suporte\AppData\Roaming\Savify\temp\37cHBmoax8umQcNr8NALtZ.webm (pass -k to keep)
[DEBUG]	[download] Finished downloading playlist: Adriana - I Love You Baby audio
[INFO]	Downloaded -> Adriana - I Love You Baby
[INFO]	Cleaning up...
[INFO]	Download Finished!
	Completed 1/1 songs in 10s

[INFO]	Downloading 1 songs...
[DEBUG]	[youtube:search] Extracting URL: ytsearch:Frank Sinatra - The Way You Look Tonight audio
[DEBUG]	[download] Downloading playlist: Frank Sinatra - The Way You Look Tonight audio
[DEBUG]	[youtube:search] query "Frank Sinatra - The Way You Look Tonight audio": Downloading web client config
[DEBUG]	[youtube:search] query "Frank Sinatra - The Way You Look Tonight audio" page 1: Downloading API JSON
[DEBUG]	[youtube:search] Playlist Frank Sinatra - The Way You Look Tonight audio: Downloading 1 items of 1
[DEBUG]	[download] Downloading item [0;32m1[0m of [0;94m1[0m
[DEBUG]	[youtube] Extracting URL: https://www.youtube.com/watch?v=YFham2Xu6nA
[DEBUG]	[youtube] YFham2Xu6nA: Downloading webpage
[DEBUG]	[youtube] YFham2Xu6nA: Downloading tv client config
[DEBUG]	[youtube] YFham2Xu6nA: Downloading player b191cf34
[DEBUG]	[youtube] YFham2Xu6nA: Downloading tv player API JSON
[DEBUG]	[youtube] YFham2Xu6nA: Downloading ios player API JSON
[DEBUG]	[youtube] YFham2Xu6nA: Downloading m3u8 information
[DEBUG]	[info] YFham2Xu6nA: Downloading 1 format(s): 251
[DEBUG]	[download] Destination: C:\Users\Suporte\AppData\Roaming\Savify\temp\0elmUoU7eMPwZX1Mw1MnQo.webm
[DEBUG]	[download] [0;94m  0.0%[0m of    3.17MiB at [0;32m Unknown B/s[0m ETA [0;33mUnknown[0m
[DEBUG]	[download] [0;94m  0.1%[0m of    3.17MiB at [0;32m Unknown B/s[0m ETA [0;33mUnknown[0m
[DEBUG]	[download] [0;94m  0.2%[0m of    3.17MiB at [0;32m Unknown B/s[0m ETA [0;33mUnknown[0m
[DEBUG]	[download] [0;94m  0.5%[0m of    3.17MiB at [0;32m Unknown B/s[0m ETA [0;33mUnknown[0m
[DEBUG]	[download] [0;94m  1.0%[0m of    3.17MiB at [0;32m   1.94MiB/s[0m ETA [0;33m00:01[0m
[DEBUG]	[download] [0;94m  1.9%[0m of    3.17MiB at [0;32m   3.94MiB/s[0m ETA [0;33m00:00[0m
[DEBUG]	[download] [0;94m  3.9%[0m of    3.17MiB at [0;32m   3.97MiB/s[0m ETA [0;33m00:00[0m
[DEBUG]	[download] [0;94m  7.8%[0m of    3.17MiB at [0;32m   5.31MiB/s[0m ETA [0;33m00:00[0m
[DEBUG]	[download] [0;94m 15.7%[0m of    3.17MiB at [0;32m  10.65MiB/s[0m ETA [0;33m00:00[0m
[DEBUG]	[download] [0;94m 31.5%[0m of    3.17MiB at [0;32m  15.99MiB/s[0m ETA [0;33m00:00[0m
[DEBUG]	[download] [0;94m 63.0%[0m of    3.17MiB at [0;32m  16.00MiB/s[0m ETA [0;33m00:00[0m
[DEBUG]	[download] [0;94m100.0%[0m of    3.17MiB at [0;32m  22.57MiB/s[0m ETA [0;33m00:00[0m
[DEBUG]	[download] 100% of    3.17MiB in [1;37m00:00:00[0m at [0;32m3.50MiB/s[0m
[DEBUG]	[ExtractAudio] Destination: C:\Users\Suporte\AppData\Roaming\Savify\temp\0elmUoU7eMPwZX1Mw1MnQo.mp3
[DEBUG]	Deleting original file C:\Users\Suporte\AppData\Roaming\Savify\temp\0elmUoU7eMPwZX1Mw1MnQo.webm (pass -k to keep)
[DEBUG]	[download] Finished downloading playlist: Frank Sinatra - The Way You Look Tonight audio
[INFO]	Downloaded -> Frank Sinatra - The Way You Look Tonight
[INFO]	Cleaning up...
[INFO]	Download Finished!
	Completed 1/1 songs in 10s

