[INFO]	Downloading 1 songs...
[INFO]	The Five Satins - In The Still of the Night -> is already downloaded. Skipping...
[INFO]	Cleaning up...
[INFO]	Download Finished!
	Completed 1/1 songs in 0s

[INFO]	Downloading 1 songs...
[DEBUG]	[youtube:search] Extracting URL: ytsearch:Cutting Crew - (I Just) Died In Your Arms audio
[DEBUG]	[download] Downloading playlist: Cutting Crew - (I Just) Died In Your Arms audio
[DEBUG]	[youtube:search] query "Cutting Crew - (I Just) Died In Your Arms audio": Downloading web client config
[DEBUG]	[youtube:search] query "Cutting Crew - (I Just) Died In Your Arms audio" page 1: Downloading API JSON
[DEBUG]	[youtube:search] Playlist Cutting Crew - (I Just) Died In Your Arms audio: Downloading 1 items of 1
[DEBUG]	[download] Downloading item [0;32m1[0m of [0;94m1[0m
[DEBUG]	[youtube] Extracting URL: https://www.youtube.com/watch?v=MxUArvDcCi8
[DEBUG]	[youtube] MxUArvDcCi8: Downloading webpage
[DEBUG]	[youtube] MxUArvDcCi8: Downloading tv client config
[DEBUG]	[youtube] MxUArvDcCi8: Downloading player 91201489
[DEBUG]	[youtube] MxUArvDcCi8: Downloading tv player API JSON
[DEBUG]	[youtube] MxUArvDcCi8: Downloading ios player API JSON
[DEBUG]	[youtube] MxUArvDcCi8: Downloading m3u8 information
[DEBUG]	[info] MxUArvDcCi8: Downloading 1 format(s): 251
[DEBUG]	[download] Destination: C:\Users\Suporte\AppData\Roaming\Savify\temp\4ByEFOBuLXpCqvO1kw8Wdm.webm
[DEBUG]	[download] [0;94m  0.0%[0m of    4.38MiB at [0;32m 501.41KiB/s[0m ETA [0;33m00:08[0m
[DEBUG]	[download] [0;94m  0.1%[0m of    4.38MiB at [0;32m   1.47MiB/s[0m ETA [0;33m00:02[0m
[DEBUG]	[download] [0;94m  0.2%[0m of    4.38MiB at [0;32m   2.28MiB/s[0m ETA [0;33m00:01[0m
[DEBUG]	[download] [0;94m  0.3%[0m of    4.38MiB at [0;32m   4.90MiB/s[0m ETA [0;33m00:00[0m
[DEBUG]	[download] [0;94m  0.7%[0m of    4.38MiB at [0;32m   2.53MiB/s[0m ETA [0;33m00:01[0m
[DEBUG]	[download] [0;94m  1.4%[0m of    4.38MiB at [0;32m   3.08MiB/s[0m ETA [0;33m00:01[0m
[DEBUG]	[download] [0;94m  2.8%[0m of    4.38MiB at [0;32m   4.01MiB/s[0m ETA [0;33m00:01[0m
[DEBUG]	[download] [0;94m  5.7%[0m of    4.38MiB at [0;32m   6.09MiB/s[0m ETA [0;33m00:00[0m
[DEBUG]	[download] [0;94m 11.4%[0m of    4.38MiB at [0;32m   9.81MiB/s[0m ETA [0;33m00:00[0m
[DEBUG]	[download] [0;94m 22.8%[0m of    4.38MiB at [0;32m  15.90MiB/s[0m ETA [0;33m00:00[0m
[DEBUG]	[download] [0;94m 45.7%[0m of    4.38MiB at [0;32m   7.18MiB/s[0m ETA [0;33m00:00[0m
[DEBUG]	[download] [0;94m 91.4%[0m of    4.38MiB at [0;32m  13.48MiB/s[0m ETA [0;33m00:00[0m
[DEBUG]	[download] [0;94m100.0%[0m of    4.38MiB at [0;32m   8.15MiB/s[0m ETA [0;33m00:00[0m
[DEBUG]	[download] 100% of    4.38MiB in [1;37m00:00:00[0m at [0;32m6.00MiB/s[0m
[DEBUG]	[ExtractAudio] Destination: C:\Users\Suporte\AppData\Roaming\Savify\temp\4ByEFOBuLXpCqvO1kw8Wdm.mp3
[DEBUG]	Deleting original file C:\Users\Suporte\AppData\Roaming\Savify\temp\4ByEFOBuLXpCqvO1kw8Wdm.webm (pass -k to keep)
[DEBUG]	[download] Finished downloading playlist: Cutting Crew - (I Just) Died In Your Arms audio
[INFO]	Downloaded -> Cutting Crew - (I Just) Died In Your Arms
[INFO]	Cleaning up...
[INFO]	Download Finished!
	Completed 1/1 songs in 11s

