[INFO]	Downloading 1 songs...
[DEBUG]	[youtube:search] Extracting URL: ytsearch:Etta James - I'd Rather Go Blind audio
[DEBUG]	[download] Downloading playlist: Etta James - I'd Rather Go Blind audio
[DEBUG]	[youtube:search] query "Etta James - I'd Rather Go Blind audio": Downloading web client config
[DEBUG]	[youtube:search] query "Etta James - I'd Rather Go Blind audio" page 1: Downloading API JSON
[DEBUG]	[youtube:search] Playlist Etta James - I'd Rather Go Blind audio: Downloading 1 items of 1
[DEBUG]	[download] Downloading item [0;32m1[0m of [0;94m1[0m
[DEBUG]	[youtube] Extracting URL: https://www.youtube.com/watch?v=Bcus42ihkTI
[DEBUG]	[youtube] Bcus42ihkTI: Downloading webpage
[DEBUG]	[youtube] Bcus42ihkTI: Downloading tv client config
[DEBUG]	[youtube] Bcus42ihkTI: Downloading player b191cf34
[DEBUG]	[youtube] Bcus42ihkTI: Downloading tv player API JSON
[DEBUG]	[youtube] Bcus42ihkTI: Downloading ios player API JSON
[DEBUG]	[youtube] Bcus42ihkTI: Downloading m3u8 information
[DEBUG]	[info] Bcus42ihkTI: Downloading 1 format(s): 251
[DEBUG]	[download] Destination: C:\Users\Suporte\AppData\Roaming\Savify\temp\1kPBT8S2wJFNAyBMnGVZgL.webm
[DEBUG]	[download] [0;94m  0.0%[0m of    2.07MiB at [0;32m Unknown B/s[0m ETA [0;33mUnknown[0m
[DEBUG]	[download] [0;94m  0.1%[0m of    2.07MiB at [0;32m   1.47MiB/s[0m ETA [0;33m00:01[0m
[DEBUG]	[download] [0;94m  0.3%[0m of    2.07MiB at [0;32m   3.43MiB/s[0m ETA [0;33m00:00[0m
[DEBUG]	[download] [0;94m  0.7%[0m of    2.07MiB at [0;32m   4.90MiB/s[0m ETA [0;33m00:00[0m
[DEBUG]	[download] [0;94m  1.5%[0m of    2.07MiB at [0;32m   3.34MiB/s[0m ETA [0;33m00:00[0m
[DEBUG]	[download] [0;94m  3.0%[0m of    2.07MiB at [0;32m   4.38MiB/s[0m ETA [0;33m00:00[0m
[DEBUG]	[download] [0;94m  6.0%[0m of    2.07MiB at [0;32m   5.63MiB/s[0m ETA [0;33m00:00[0m
[DEBUG]	[download] [0;94m 12.0%[0m of    2.07MiB at [0;32m   7.71MiB/s[0m ETA [0;33m00:00[0m
[DEBUG]	[download] [0;94m 24.1%[0m of    2.07MiB at [0;32m  11.51MiB/s[0m ETA [0;33m00:00[0m
[DEBUG]	[download] [0;94m 48.2%[0m of    2.07MiB at [0;32m  18.07MiB/s[0m ETA [0;33m00:00[0m
[DEBUG]	[download] [0;94m 96.4%[0m of    2.07MiB at [0;32m  29.52MiB/s[0m ETA [0;33m00:00[0m
[DEBUG]	[download] [0;94m100.0%[0m of    2.07MiB at [0;32m  16.54MiB/s[0m ETA [0;33m00:00[0m
[DEBUG]	[download] 100% of    2.07MiB in [1;37m00:00:00[0m at [0;32m3.29MiB/s[0m
[DEBUG]	[ExtractAudio] Destination: C:\Users\Suporte\AppData\Roaming\Savify\temp\1kPBT8S2wJFNAyBMnGVZgL.mp3
[DEBUG]	Deleting original file C:\Users\Suporte\AppData\Roaming\Savify\temp\1kPBT8S2wJFNAyBMnGVZgL.webm (pass -k to keep)
[DEBUG]	[download] Finished downloading playlist: Etta James - I'd Rather Go Blind audio
[INFO]	Downloaded -> Etta James - I'd Rather Go Blind
[INFO]	Cleaning up...
[INFO]	Download Finished!
	Completed 1/1 songs in 9s

