[INFO]	Downloading 1 songs...
[DEBUG]	[youtube:search] Extracting URL: ytsearch:The Beatles - Yesterday - Remastered 2015 audio
[DEBUG]	[download] Downloading playlist: The Beatles - Yesterday - Remastered 2015 audio
[DEBUG]	[youtube:search] query "The Beatles - Yesterday - Remastered 2015 audio": Downloading web client config
[DEBUG]	[youtube:search] query "The Beatles - Yesterday - Remastered 2015 audio" page 1: Downloading API JSON
[DEBUG]	[youtube:search] Playlist The Beatles - Yesterday - Remastered 2015 audio: Downloading 1 items of 1
[DEBUG]	[download] Downloading item [0;32m1[0m of [0;94m1[0m
[DEBUG]	[youtube] Extracting URL: https://www.youtube.com/watch?v=fCV9oqtwyVA
[DEBUG]	[youtube] fCV9oqtwyVA: Downloading webpage
[DEBUG]	[youtube] fCV9oqtwyVA: Downloading tv client config
[DEBUG]	[youtube] fCV9oqtwyVA: Downloading player 91201489
[DEBUG]	[youtube] fCV9oqtwyVA: Downloading tv player API JSON
[DEBUG]	[youtube] fCV9oqtwyVA: Downloading ios player API JSON
[DEBUG]	[youtube] fCV9oqtwyVA: Downloading m3u8 information
[DEBUG]	[info] fCV9oqtwyVA: Downloading 1 format(s): 251
[DEBUG]	[download] Destination: C:\Users\Suporte\AppData\Roaming\Savify\temp\4E5rL7YL0hVUPqeMSpjEF2.webm
[DEBUG]	[download] [0;94m  0.0%[0m of    2.16MiB at [0;32m Unknown B/s[0m ETA [0;33mUnknown[0m
[DEBUG]	[download] [0;94m  0.1%[0m of    2.16MiB at [0;32m   1.47MiB/s[0m ETA [0;33m00:01[0m
[DEBUG]	[download] [0;94m  0.3%[0m of    2.16MiB at [0;32m   3.43MiB/s[0m ETA [0;33m00:00[0m
[DEBUG]	[download] [0;94m  0.7%[0m of    2.16MiB at [0;32m   4.90MiB/s[0m ETA [0;33m00:00[0m
[DEBUG]	[download] [0;94m  1.4%[0m of    2.16MiB at [0;32m   2.76MiB/s[0m ETA [0;33m00:00[0m
[DEBUG]	[download] [0;94m  2.8%[0m of    2.16MiB at [0;32m   3.25MiB/s[0m ETA [0;33m00:00[0m
[DEBUG]	[download] [0;94m  5.7%[0m of    2.16MiB at [0;32m   4.44MiB/s[0m ETA [0;33m00:00[0m
[DEBUG]	[download] [0;94m 11.5%[0m of    2.16MiB at [0;32m   6.40MiB/s[0m ETA [0;33m00:00[0m
[DEBUG]	[download] [0;94m 23.1%[0m of    2.16MiB at [0;32m  10.21MiB/s[0m ETA [0;33m00:00[0m
[DEBUG]	[download] [0;94m 46.2%[0m of    2.16MiB at [0;32m  16.69MiB/s[0m ETA [0;33m00:00[0m
[DEBUG]	[download] [0;94m 92.4%[0m of    2.16MiB at [0;32m  28.23MiB/s[0m ETA [0;33m00:00[0m
[DEBUG]	[download] [0;94m100.0%[0m of    2.16MiB at [0;32m   7.07MiB/s[0m ETA [0;33m00:00[0m
[DEBUG]	[download] 100% of    2.16MiB in [1;37m00:00:00[0m at [0;32m3.18MiB/s[0m
[DEBUG]	[ExtractAudio] Destination: C:\Users\Suporte\AppData\Roaming\Savify\temp\4E5rL7YL0hVUPqeMSpjEF2.mp3
[DEBUG]	Deleting original file C:\Users\Suporte\AppData\Roaming\Savify\temp\4E5rL7YL0hVUPqeMSpjEF2.webm (pass -k to keep)
[DEBUG]	[download] Finished downloading playlist: The Beatles - Yesterday - Remastered 2015 audio
[INFO]	Downloaded -> The Beatles - Yesterday - Remastered 2015
[INFO]	Cleaning up...
[INFO]	Download Finished!
	Completed 1/1 songs in 9s

[INFO]	Downloading 1 songs...
[DEBUG]	[youtube:search] Extracting URL: ytsearch:Frank Sinatra - The Way You Look Tonight audio
[DEBUG]	[download] Downloading playlist: Frank Sinatra - The Way You Look Tonight audio
[DEBUG]	[youtube:search] query "Frank Sinatra - The Way You Look Tonight audio": Downloading web client config
[DEBUG]	[youtube:search] query "Frank Sinatra - The Way You Look Tonight audio" page 1: Downloading API JSON
[DEBUG]	[youtube:search] Playlist Frank Sinatra - The Way You Look Tonight audio: Downloading 1 items of 1
[DEBUG]	[download] Downloading item [0;32m1[0m of [0;94m1[0m
[DEBUG]	[youtube] Extracting URL: https://www.youtube.com/watch?v=YFham2Xu6nA
[DEBUG]	[youtube] YFham2Xu6nA: Downloading webpage
[DEBUG]	[youtube] YFham2Xu6nA: Downloading tv client config
[DEBUG]	[youtube] YFham2Xu6nA: Downloading player 91201489
[DEBUG]	[youtube] YFham2Xu6nA: Downloading tv player API JSON
[DEBUG]	[youtube] YFham2Xu6nA: Downloading ios player API JSON
[DEBUG]	[youtube] YFham2Xu6nA: Downloading m3u8 information
[DEBUG]	[info] YFham2Xu6nA: Downloading 1 format(s): 251
[DEBUG]	[download] Destination: C:\Users\Suporte\AppData\Roaming\Savify\temp\0elmUoU7eMPwZX1Mw1MnQo.webm
[DEBUG]	[download] [0;94m  0.0%[0m of    3.17MiB at [0;32m 501.29KiB/s[0m ETA [0;33m00:06[0m
[DEBUG]	[download] [0;94m  0.1%[0m of    3.17MiB at [0;32m   1.47MiB/s[0m ETA [0;33m00:02[0m
[DEBUG]	[download] [0;94m  0.2%[0m of    3.17MiB at [0;32m   2.28MiB/s[0m ETA [0;33m00:01[0m
[DEBUG]	[download] [0;94m  0.5%[0m of    3.17MiB at [0;32m   4.90MiB/s[0m ETA [0;33m00:00[0m
[DEBUG]	[download] [0;94m  1.0%[0m of    3.17MiB at [0;32m   2.76MiB/s[0m ETA [0;33m00:01[0m
[DEBUG]	[download] [0;94m  1.9%[0m of    3.17MiB at [0;32m   3.25MiB/s[0m ETA [0;33m00:00[0m
[DEBUG]	[download] [0;94m  3.9%[0m of    3.17MiB at [0;32m   4.29MiB/s[0m ETA [0;33m00:00[0m
[DEBUG]	[download] [0;94m  7.8%[0m of    3.17MiB at [0;32m   6.57MiB/s[0m ETA [0;33m00:00[0m
[DEBUG]	[download] [0;94m 15.7%[0m of    3.17MiB at [0;32m  10.42MiB/s[0m ETA [0;33m00:00[0m
[DEBUG]	[download] [0;94m 31.5%[0m of    3.17MiB at [0;32m  16.69MiB/s[0m ETA [0;33m00:00[0m
[DEBUG]	[download] [0;94m 63.0%[0m of    3.17MiB at [0;32m  27.46MiB/s[0m ETA [0;33m00:00[0m
[DEBUG]	[download] [0;94m100.0%[0m of    3.17MiB at [0;32m  21.21MiB/s[0m ETA [0;33m00:00[0m
[DEBUG]	[download] 100% of    3.17MiB in [1;37m00:00:00[0m at [0;32m11.36MiB/s[0m
[DEBUG]	[ExtractAudio] Destination: C:\Users\Suporte\AppData\Roaming\Savify\temp\0elmUoU7eMPwZX1Mw1MnQo.mp3
[DEBUG]	Deleting original file C:\Users\Suporte\AppData\Roaming\Savify\temp\0elmUoU7eMPwZX1Mw1MnQo.webm (pass -k to keep)
[DEBUG]	[download] Finished downloading playlist: Frank Sinatra - The Way You Look Tonight audio
[INFO]	Downloaded -> Frank Sinatra - The Way You Look Tonight
[INFO]	Cleaning up...
[INFO]	Download Finished!
	Completed 1/1 songs in 10s

