[INFO]	Downloading 1 songs...
[DEBUG]	[youtube:search] Extracting URL: ytsearch:Jason Hayes - Elwynn Forest audio
[DEBUG]	[download] Downloading playlist: Jason Hayes - Elwynn Forest audio
[DEBUG]	[youtube:search] query "Jason Hayes - Elwynn Forest audio": Downloading web client config
[DEBUG]	[youtube:search] query "Jason Hayes - Elwynn Forest audio" page 1: Downloading API JSON
[DEBUG]	[youtube:search] Playlist Jason Hayes - Elwynn Forest audio: Downloading 1 items of 1
[DEBUG]	[download] Downloading item [0;32m1[0m of [0;94m1[0m
[DEBUG]	[youtube] Extracting URL: https://www.youtube.com/watch?v=uvW-QTiZLQ0
[DEBUG]	[youtube] uvW-QTiZLQ0: Downloading webpage
[DEBUG]	[youtube] uvW-QTiZLQ0: Downloading tv client config
[DEBUG]	[youtube] uvW-QTiZLQ0: Downloading player f6e09c70
[DEBUG]	[youtube] uvW-QTiZLQ0: Downloading tv player API JSON
[DEBUG]	[youtube] uvW-QTiZLQ0: Downloading ios player API JSON
[DEBUG]	[youtube] uvW-QTiZLQ0: Downloading m3u8 information
[DEBUG]	[info] uvW-QTiZLQ0: Downloading 1 format(s): 251
[DEBUG]	[download] Destination: C:\Users\Suporte\AppData\Roaming\Savify\temp\1YYTAOi1YMxmGclyO1HH6O.webm
[DEBUG]	[download] [0;94m  0.0%[0m of    3.24MiB at [0;32m 111.41KiB/s[0m ETA [0;33m00:29[0m
[DEBUG]	[download] [0;94m  0.1%[0m of    3.24MiB at [0;32m 300.80KiB/s[0m ETA [0;33m00:11[0m
[DEBUG]	[download] [0;94m  0.2%[0m of    3.24MiB at [0;32m 701.86KiB/s[0m ETA [0;33m00:04[0m
[DEBUG]	[download] [0;94m  0.5%[0m of    3.24MiB at [0;32m   1.34MiB/s[0m ETA [0;33m00:02[0m
[DEBUG]	[download] [0;94m  0.9%[0m of    3.24MiB at [0;32m 621.66KiB/s[0m ETA [0;33m00:05[0m
[DEBUG]	[download] [0;94m  1.9%[0m of    3.24MiB at [0;32m 709.76KiB/s[0m ETA [0;33m00:04[0m
[DEBUG]	[download] [0;94m  3.8%[0m of    3.24MiB at [0;32m 950.30KiB/s[0m ETA [0;33m00:03[0m
[DEBUG]	[download] [0;94m  7.7%[0m of    3.24MiB at [0;32m   1.39MiB/s[0m ETA [0;33m00:02[0m
[DEBUG]	[download] [0;94m 15.4%[0m of    3.24MiB at [0;32m   2.21MiB/s[0m ETA [0;33m00:01[0m
[DEBUG]	[download] [0;94m 30.9%[0m of    3.24MiB at [0;32m   3.59MiB/s[0m ETA [0;33m00:00[0m
[DEBUG]	[download] [0;94m 61.8%[0m of    3.24MiB at [0;32m   6.02MiB/s[0m ETA [0;33m00:00[0m
[DEBUG]	[download] [0;94m100.0%[0m of    3.24MiB at [0;32m   8.82MiB/s[0m ETA [0;33m00:00[0m
[DEBUG]	[download] 100% of    3.24MiB in [1;37m00:00:01[0m at [0;32m2.74MiB/s[0m
[DEBUG]	[ExtractAudio] Destination: C:\Users\Suporte\AppData\Roaming\Savify\temp\1YYTAOi1YMxmGclyO1HH6O.mp3
[DEBUG]	Deleting original file C:\Users\Suporte\AppData\Roaming\Savify\temp\1YYTAOi1YMxmGclyO1HH6O.webm (pass -k to keep)
[DEBUG]	[download] Finished downloading playlist: Jason Hayes - Elwynn Forest audio
[INFO]	Downloaded -> Jason Hayes - Elwynn Forest
[INFO]	Cleaning up...
[INFO]	Download Finished!
	Completed 1/1 songs in 11s

[INFO]	Downloading 1 songs...
[DEBUG]	[youtube:search] Extracting URL: ytsearch:Neal Acree - Arthas, My Son (Cinematic Intro) audio
[DEBUG]	[download] Downloading playlist: Neal Acree - Arthas, My Son (Cinematic Intro) audio
[DEBUG]	[youtube:search] query "Neal Acree - Arthas, My Son (Cinematic Intro) audio": Downloading web client config
[DEBUG]	[youtube:search] query "Neal Acree - Arthas, My Son (Cinematic Intro) audio" page 1: Downloading API JSON
[DEBUG]	[youtube:search] Playlist Neal Acree - Arthas, My Son (Cinematic Intro) audio: Downloading 1 items of 1
[DEBUG]	[download] Downloading item [0;32m1[0m of [0;94m1[0m
[DEBUG]	[youtube] Extracting URL: https://www.youtube.com/watch?v=3m51oKG3BKA
[DEBUG]	[youtube] 3m51oKG3BKA: Downloading webpage
[DEBUG]	[youtube] 3m51oKG3BKA: Downloading tv client config
[DEBUG]	[youtube] 3m51oKG3BKA: Downloading player f6e09c70
[DEBUG]	[youtube] 3m51oKG3BKA: Downloading tv player API JSON
[DEBUG]	[youtube] 3m51oKG3BKA: Downloading ios player API JSON
[DEBUG]	[youtube] 3m51oKG3BKA: Downloading m3u8 information
[DEBUG]	[info] 3m51oKG3BKA: Downloading 1 format(s): 251
[DEBUG]	[download] Destination: C:\Users\Suporte\AppData\Roaming\Savify\temp\3CIQuyJQZNNyfkHSyBzwvi.webm
[DEBUG]	[download] [0;94m  0.0%[0m of    2.92MiB at [0;32m 200.47KiB/s[0m ETA [0;33m00:14[0m
[DEBUG]	[download] [0;94m  0.1%[0m of    2.92MiB at [0;32m 501.19KiB/s[0m ETA [0;33m00:05[0m
[DEBUG]	[download] [0;94m  0.2%[0m of    2.92MiB at [0;32m   1.14MiB/s[0m ETA [0;33m00:02[0m
[DEBUG]	[download] [0;94m  0.5%[0m of    2.92MiB at [0;32m   2.10MiB/s[0m ETA [0;33m00:01[0m
[DEBUG]	[download] [0;94m  1.0%[0m of    2.92MiB at [0;32m   2.53MiB/s[0m ETA [0;33m00:01[0m
[DEBUG]	[download] [0;94m  2.1%[0m of    2.92MiB at [0;32m   1.30MiB/s[0m ETA [0;33m00:02[0m
[DEBUG]	[download] [0;94m  4.3%[0m of    2.92MiB at [0;32m   1.65MiB/s[0m ETA [0;33m00:01[0m
[DEBUG]	[download] [0;94m  8.5%[0m of    2.92MiB at [0;32m   2.11MiB/s[0m ETA [0;33m00:01[0m
[DEBUG]	[download] [0;94m 17.1%[0m of    2.92MiB at [0;32m   3.10MiB/s[0m ETA [0;33m00:00[0m
[DEBUG]	[download] [0;94m 34.3%[0m of    2.92MiB at [0;32m   4.78MiB/s[0m ETA [0;33m00:00[0m
[DEBUG]	[download] [0;94m 68.5%[0m of    2.92MiB at [0;32m   7.84MiB/s[0m ETA [0;33m00:00[0m
[DEBUG]	[download] [0;94m100.0%[0m of    2.92MiB at [0;32m   8.72MiB/s[0m ETA [0;33m00:00[0m
[DEBUG]	[download] 100% of    2.92MiB in [1;37m00:00:00[0m at [0;32m3.71MiB/s[0m
[DEBUG]	[ExtractAudio] Destination: C:\Users\Suporte\AppData\Roaming\Savify\temp\3CIQuyJQZNNyfkHSyBzwvi.mp3
[DEBUG]	Deleting original file C:\Users\Suporte\AppData\Roaming\Savify\temp\3CIQuyJQZNNyfkHSyBzwvi.webm (pass -k to keep)
[DEBUG]	[download] Finished downloading playlist: Neal Acree - Arthas, My Son (Cinematic Intro) audio
[INFO]	Downloaded -> Neal Acree - Arthas, My Son (Cinematic Intro)
[INFO]	Cleaning up...
[INFO]	Download Finished!
	Completed 1/1 songs in 10s

