[INFO]	Downloading 1 songs...
[DEBUG]	[youtube:search] Extracting URL: ytsearch:Nirvana - Something In The Way audio
[DEBUG]	[download] Downloading playlist: Nirvana - Something In The Way audio
[DEBUG]	[youtube:search] query "Nirvana - Something In The Way audio": Downloading web client config
[DEBUG]	[youtube:search] query "Nirvana - Something In The Way audio" page 1: Downloading API JSON
[DEBUG]	[youtube:search] Playlist Nirvana - Something In The Way audio: Downloading 1 items of 1
[DEBUG]	[download] Downloading item [0;32m1[0m of [0;94m1[0m
[DEBUG]	[youtube] Extracting URL: https://www.youtube.com/watch?v=4VxdufqB9zg
[DEBUG]	[youtube] 4VxdufqB9zg: Downloading webpage
[DEBUG]	[youtube] 4VxdufqB9zg: Downloading tv client config
[DEBUG]	[youtube] 4VxdufqB9zg: Downloading player 56511309
[DEBUG]	[youtube] 4VxdufqB9zg: Downloading tv player API JSON
[DEBUG]	[youtube] 4VxdufqB9zg: Downloading ios player API JSON
[DEBUG]	[youtube] 4VxdufqB9zg: Downloading m3u8 information
[DEBUG]	[info] 4VxdufqB9zg: Downloading 1 format(s): 251
[DEBUG]	[download] Destination: C:\Users\Suporte\AppData\Roaming\Savify\temp\4gHnSNHs8RyVukKoWdS99f.webm
[DEBUG]	[download] [0;94m  0.0%[0m of    3.67MiB at [0;32m 250.66KiB/s[0m ETA [0;33m00:14[0m
[DEBUG]	[download] [0;94m  0.1%[0m of    3.67MiB at [0;32m 751.98KiB/s[0m ETA [0;33m00:04[0m
[DEBUG]	[download] [0;94m  0.2%[0m of    3.67MiB at [0;32m   1.37MiB/s[0m ETA [0;33m00:02[0m
[DEBUG]	[download] [0;94m  0.4%[0m of    3.67MiB at [0;32m   2.94MiB/s[0m ETA [0;33m00:01[0m
[DEBUG]	[download] [0;94m  0.8%[0m of    3.67MiB at [0;32m   2.76MiB/s[0m ETA [0;33m00:01[0m
[DEBUG]	[download] [0;94m  1.7%[0m of    3.67MiB at [0;32m   3.08MiB/s[0m ETA [0;33m00:01[0m
[DEBUG]	[download] [0;94m  3.4%[0m of    3.67MiB at [0;32m   4.01MiB/s[0m ETA [0;33m00:00[0m
[DEBUG]	[download] [0;94m  6.8%[0m of    3.67MiB at [0;32m   5.67MiB/s[0m ETA [0;33m00:00[0m
[DEBUG]	[download] [0;94m 13.6%[0m of    3.67MiB at [0;32m   7.58MiB/s[0m ETA [0;33m00:00[0m
[DEBUG]	[download] [0;94m 27.3%[0m of    3.67MiB at [0;32m   8.98MiB/s[0m ETA [0;33m00:00[0m
[DEBUG]	[download] [0;94m 54.5%[0m of    3.67MiB at [0;32m   9.95MiB/s[0m ETA [0;33m00:00[0m
[DEBUG]	[download] [0;94m100.0%[0m of    3.67MiB at [0;32m  10.46MiB/s[0m ETA [0;33m00:00[0m
[DEBUG]	[download] 100% of    3.67MiB in [1;37m00:00:00[0m at [0;32m6.88MiB/s[0m
[DEBUG]	[ExtractAudio] Destination: C:\Users\Suporte\AppData\Roaming\Savify\temp\4gHnSNHs8RyVukKoWdS99f.mp3
[DEBUG]	Deleting original file C:\Users\Suporte\AppData\Roaming\Savify\temp\4gHnSNHs8RyVukKoWdS99f.webm (pass -k to keep)
[DEBUG]	[download] Finished downloading playlist: Nirvana - Something In The Way audio
[INFO]	Downloaded -> Nirvana - Something In The Way
[INFO]	Cleaning up...
[INFO]	Download Finished!
	Completed 1/1 songs in 10s

[INFO]	Downloading 1 songs...
[INFO]	Nirvana - Something In The Way -> is already downloaded. Skipping...
[INFO]	Cleaning up...
[INFO]	Download Finished!
	Completed 1/1 songs in 0s

