[INFO]	Downloading 1 songs...
[DEBUG]	[youtube:search] Extracting URL: ytsearch:Charlie Brown Jr. - Dias De Luta, Dias De Gloria audio
[DEBUG]	[download] Downloading playlist: Charlie Brown Jr. - Dias De Luta, Dias De Gloria audio
[DEBUG]	[youtube:search] query "Charlie Brown Jr. - Dias De Luta, Dias De Gloria audio": Downloading web client config
[DEBUG]	[youtube:search] query "Charlie Brown Jr. - Dias De Luta, Dias De Gloria audio" page 1: Downloading API JSON
[DEBUG]	[youtube:search] Playlist Charlie Brown Jr. - Dias De Luta, Dias De Gloria audio: Downloading 1 items of 1
[DEBUG]	[download] Downloading item [0;32m1[0m of [0;94m1[0m
[DEBUG]	[youtube] Extracting URL: https://www.youtube.com/watch?v=i4FQJ7Qi14o
[DEBUG]	[youtube] i4FQJ7Qi14o: Downloading webpage
[DEBUG]	[youtube] i4FQJ7Qi14o: Downloading tv client config
[DEBUG]	[youtube] i4FQJ7Qi14o: Downloading player f6e09c70
[DEBUG]	[youtube] i4FQJ7Qi14o: Downloading tv player API JSON
[DEBUG]	[youtube] i4FQJ7Qi14o: Downloading ios player API JSON
[DEBUG]	[youtube] i4FQJ7Qi14o: Downloading m3u8 information
[DEBUG]	[info] i4FQJ7Qi14o: Downloading 1 format(s): 251
[DEBUG]	[download] Destination: C:\Users\Suporte\AppData\Roaming\Savify\temp\006pMMCuRo2TFjh8sNGSov.webm
[DEBUG]	[download] [0;94m  0.0%[0m of    2.45MiB at [0;32m 143.24KiB/s[0m ETA [0;33m00:17[0m
[DEBUG]	[download] [0;94m  0.1%[0m of    2.45MiB at [0;32m 375.99KiB/s[0m ETA [0;33m00:06[0m
[DEBUG]	[download] [0;94m  0.3%[0m of    2.45MiB at [0;32m 877.31KiB/s[0m ETA [0;33m00:02[0m
[DEBUG]	[download] [0;94m  0.6%[0m of    2.45MiB at [0;32m   1.63MiB/s[0m ETA [0;33m00:01[0m
[DEBUG]	[download] [0;94m  1.2%[0m of    2.45MiB at [0;32m 690.73KiB/s[0m ETA [0;33m00:03[0m
[DEBUG]	[download] [0;94m  2.5%[0m of    2.45MiB at [0;32m 957.10KiB/s[0m ETA [0;33m00:02[0m
[DEBUG]	[download] [0;94m  5.1%[0m of    2.45MiB at [0;32m   1.18MiB/s[0m ETA [0;33m00:01[0m
[DEBUG]	[download] [0;94m 10.2%[0m of    2.45MiB at [0;32m   1.63MiB/s[0m ETA [0;33m00:01[0m
[DEBUG]	[download] [0;94m 20.3%[0m of    2.45MiB at [0;32m   2.50MiB/s[0m ETA [0;33m00:00[0m
[DEBUG]	[download] [0;94m 40.7%[0m of    2.45MiB at [0;32m   3.91MiB/s[0m ETA [0;33m00:00[0m
[DEBUG]	[download] [0;94m 81.5%[0m of    2.45MiB at [0;32m   6.32MiB/s[0m ETA [0;33m00:00[0m
[DEBUG]	[download] [0;94m100.0%[0m of    2.45MiB at [0;32m   7.20MiB/s[0m ETA [0;33m00:00[0m
[DEBUG]	[download] 100% of    2.45MiB in [1;37m00:00:00[0m at [0;32m5.00MiB/s[0m
[DEBUG]	[ExtractAudio] Destination: C:\Users\Suporte\AppData\Roaming\Savify\temp\006pMMCuRo2TFjh8sNGSov.mp3
[DEBUG]	Deleting original file C:\Users\Suporte\AppData\Roaming\Savify\temp\006pMMCuRo2TFjh8sNGSov.webm (pass -k to keep)
[DEBUG]	[download] Finished downloading playlist: Charlie Brown Jr. - Dias De Luta, Dias De Gloria audio
[INFO]	Downloaded -> Charlie Brown Jr. - Dias De Luta, Dias De Gloria
[INFO]	Cleaning up...
[INFO]	Download Finished!
	Completed 1/1 songs in 9s

