[INFO]	Downloading 1 songs...
[DEBUG]	[youtube:search] Extracting URL: ytsearch:Deftones - My Own Summer (Shove It) audio
[DEBUG]	[download] Downloading playlist: Deftones - My Own Summer (Shove It) audio
[DEBUG]	[youtube:search] query "Deftones - My Own Summer (Shove It) audio": Downloading web client config
[DEBUG]	[youtube:search] query "Deftones - My Own Summer (Shove It) audio" page 1: Downloading API JSON
[DEBUG]	[youtube:search] Playlist Deftones - My Own Summer (Shove It) audio: Downloading 1 items of 1
[DEBUG]	[download] Downloading item 1 of 1
[DEBUG]	[youtube] Extracting URL: https://www.youtube.com/watch?v=YHRYsJX-02Y
[DEBUG]	[youtube] YHRYsJX-02Y: Downloading webpage
[DEBUG]	[youtube] YHRYsJX-02Y: Downloading tv client config
[DEBUG]	[youtube] YHRYsJX-02Y: Downloading player 7795af42
[DEBUG]	[youtube] YHRYsJX-02Y: Downloading tv player API JSON
[DEBUG]	[youtube] YHRYsJX-02Y: Downloading ios player API JSON
[DEBUG]	[youtube] YHRYsJX-02Y: Downloading m3u8 information
[DEBUG]	[info] YHRYsJX-02Y: Downloading 1 format(s): 251
[DEBUG]	[download] Destination: C:\Users\Suporte\AppData\Roaming\Savify\temp\1158ckiB5S4cpsdYHDB9IF.webm
[DEBUG]	[download]   0.0% of    3.20MiB at  501.29KiB/s ETA 00:09
[DEBUG]	[download]   0.1% of    3.20MiB at 1002.46KiB/s ETA 00:03
[DEBUG]	[download]   0.2% of    3.20MiB at    1.71MiB/s ETA 00:01
[DEBUG]	[download]   0.5% of    3.20MiB at    3.56MiB/s ETA 00:00
[DEBUG]	[download]   0.9% of    3.20MiB at    1.67MiB/s ETA 00:01
[DEBUG]	[download]   1.9% of    3.20MiB at    1.66MiB/s ETA 00:01
[DEBUG]	[download]   3.9% of    3.20MiB at    1.00MiB/s ETA 00:03
[DEBUG]	[download]   7.8% of    3.20MiB at    1.80MiB/s ETA 00:01
[DEBUG]	[download]  15.6% of    3.20MiB at    2.00MiB/s ETA 00:01
[DEBUG]	[download]  31.2% of    3.20MiB at    1.80MiB/s ETA 00:01
[DEBUG]	[download]  62.4% of    3.20MiB at    1.65MiB/s ETA 00:00
[DEBUG]	[download] 100.0% of    3.20MiB at    1.28MiB/s ETA 00:00
[DEBUG]	[download] 100% of    3.20MiB in 00:00:02 at 1.24MiB/s
[DEBUG]	[ExtractAudio] Destination: C:\Users\Suporte\AppData\Roaming\Savify\temp\1158ckiB5S4cpsdYHDB9IF.mp3
[DEBUG]	Deleting original file C:\Users\Suporte\AppData\Roaming\Savify\temp\1158ckiB5S4cpsdYHDB9IF.webm (pass -k to keep)
[DEBUG]	[download] Finished downloading playlist: Deftones - My Own Summer (Shove It) audio
[INFO]	Downloaded -> Deftones - My Own Summer (Shove It)
[INFO]	Cleaning up...
[INFO]	Download Finished!
	Completed 1/1 songs in 13s

